# JRE version: OpenJDK Runtime Environment (11.0.13) (build 11.0.13+0-b1751.21-8125866)
# Java VM: OpenJDK 64-Bit Server VM (11.0.13+0-b1751.21-8125866, mixed mode, tiered, compressed oops, g1 gc, windows-amd64)
Heap:
 garbage-first heap   total 403456K, used 203305K [0x0000000080000000, 0x0000000100000000)
  region size 1024K, 2 young (2048K), 2 survivors (2048K)
 Metaspace       used 91769K, capacity 93874K, committed 94416K, reserved 1130496K
  class space    used 11828K, capacity 12598K, committed 12800K, reserved 1048576K
GC Heap History (20 events):
Event: 18.633 GC heap after
{Heap after GC invocations=17 (full 0):
 garbage-first heap   total 196608K, used 102665K [0x0000000080000000, 0x0000000100000000)
  region size 1024K, 2 young (2048K), 2 survivors (2048K)
 Metaspace       used 88445K, capacity 90758K, committed 90960K, reserved 1128448K
  class space    used 11437K, capacity 12304K, committed 12416K, reserved 1048576K
}
Event: 19.229 GC heap before
{Heap before GC invocations=18 (full 0):
 garbage-first heap   total 196608K, used 132361K [0x0000000080000000, 0x0000000100000000)
  region size 1024K, 22 young (22528K), 2 survivors (2048K)
 Metaspace       used 91475K, capacity 93514K, committed 94160K, reserved 1130496K
  class space    used 11785K, capacity 12564K, committed 12800K, reserved 1048576K
}
Event: 19.234 GC heap after
{Heap after GC invocations=19 (full 0):
 garbage-first heap   total 196608K, used 116847K [0x0000000080000000, 0x0000000100000000)
  region size 1024K, 5 young (5120K), 5 survivors (5120K)
 Metaspace       used 91475K, capacity 93514K, committed 94160K, reserved 1130496K
  class space    used 11785K, capacity 12564K, committed 12800K, reserved 1048576K
}
Event: 19.282 GC heap before
{Heap before GC invocations=19 (full 0):
 garbage-first heap   total 204800K, used 202863K [0x0000000080000000, 0x0000000100000000)
  region size 1024K, 20 young (20480K), 5 survivors (5120K)
 Metaspace       used 91483K, capacity 93514K, committed 94160K, reserved 1130496K
  class space    used 11785K, capacity 12564K, committed 12800K, reserved 1048576K
}
Event: 19.291 GC heap after
{Heap after GC invocations=20 (full 0):
 garbage-first heap   total 215040K, used 148273K [0x0000000080000000, 0x0000000100000000)
  region size 1024K, 6 young (6144K), 6 survivors (6144K)
 Metaspace       used 91483K, capacity 93514K, committed 94160K, reserved 1130496K
  class space    used 11785K, capacity 12564K, committed 12800K, reserved 1048576K
}
Event: 19.661 GC heap before
{Heap before GC invocations=21 (full 0):
 garbage-first heap   total 215040K, used 187185K [0x0000000080000000, 0x0000000100000000)
  region size 1024K, 34 young (34816K), 6 survivors (6144K)
 Metaspace       used 91766K, capacity 93810K, committed 94416K, reserved 1130496K
  class space    used 11828K, capacity 12598K, committed 12800K, reserved 1048576K
}
Event: 19.676 GC heap after
{Heap after GC invocations=22 (full 0):
 garbage-first heap   total 215040K, used 164134K [0x0000000080000000, 0x0000000100000000)
  region size 1024K, 5 young (5120K), 5 survivors (5120K)
 Metaspace       used 91766K, capacity 93810K, committed 94416K, reserved 1130496K
  class space    used 11828K, capacity 12598K, committed 12800K, reserved 1048576K
}
Event: 19.721 GC heap before
{Heap before GC invocations=22 (full 0):
 garbage-first heap   total 215040K, used 166182K [0x0000000080000000, 0x0000000100000000)
  region size 1024K, 8 young (8192K), 5 survivors (5120K)
 Metaspace       used 91766K, capacity 93810K, committed 94416K, reserved 1130496K
  class space    used 11828K, capacity 12598K, committed 12800K, reserved 1048576K
}
Event: 19.736 GC heap after
{Heap after GC invocations=23 (full 0):
 garbage-first heap   total 215040K, used 165700K [0x0000000080000000, 0x0000000100000000)
  region size 1024K, 2 young (2048K), 2 survivors (2048K)
 Metaspace       used 91766K, capacity 93810K, committed 94416K, reserved 1130496K
  class space    used 11828K, capacity 12598K, committed 12800K, reserved 1048576K
}
Event: 19.929 GC heap before
{Heap before GC invocations=23 (full 0):
 garbage-first heap   total 215040K, used 176964K [0x0000000080000000, 0x0000000100000000)
  region size 1024K, 13 young (13312K), 2 survivors (2048K)
 Metaspace       used 91767K, capacity 93810K, committed 94416K, reserved 1130496K
  class space    used 11828K, capacity 12598K, committed 12800K, reserved 1048576K
}
Event: 19.939 GC heap after
{Heap after GC invocations=24 (full 0):
 garbage-first heap   total 215040K, used 171736K [0x0000000080000000, 0x0000000100000000)
  region size 1024K, 2 young (2048K), 2 survivors (2048K)
 Metaspace       used 91767K, capacity 93810K, committed 94416K, reserved 1130496K
  class space    used 11828K, capacity 12598K, committed 12800K, reserved 1048576K
}
Event: 20.131 GC heap before
{Heap before GC invocations=25 (full 0):
 garbage-first heap   total 215040K, used 181976K [0x0000000080000000, 0x0000000100000000)
  region size 1024K, 11 young (11264K), 2 survivors (2048K)
 Metaspace       used 91767K, capacity 93810K, committed 94416K, reserved 1130496K
  class space    used 11828K, capacity 12598K, committed 12800K, reserved 1048576K
}
Event: 20.147 GC heap after
{Heap after GC invocations=26 (full 0):
 garbage-first heap   total 258048K, used 178176K [0x0000000080000000, 0x0000000100000000)
  region size 1024K, 2 young (2048K), 2 survivors (2048K)
 Metaspace       used 91767K, capacity 93810K, committed 94416K, reserved 1130496K
  class space    used 11828K, capacity 12598K, committed 12800K, reserved 1048576K
}
Event: 20.152 GC heap before
{Heap before GC invocations=26 (full 0):
 garbage-first heap   total 258048K, used 178176K [0x0000000080000000, 0x0000000100000000)
  region size 1024K, 3 young (3072K), 2 survivors (2048K)
 Metaspace       used 91767K, capacity 93810K, committed 94416K, reserved 1130496K
  class space    used 11828K, capacity 12598K, committed 12800K, reserved 1048576K
}
Event: 20.165 GC heap after
{Heap after GC invocations=27 (full 0):
 garbage-first heap   total 258048K, used 178871K [0x0000000080000000, 0x0000000100000000)
  region size 1024K, 1 young (1024K), 1 survivors (1024K)
 Metaspace       used 91767K, capacity 93810K, committed 94416K, reserved 1130496K
  class space    used 11828K, capacity 12598K, committed 12800K, reserved 1048576K
}
Event: 20.420 GC heap before
{Heap before GC invocations=27 (full 0):
 garbage-first heap   total 258048K, used 197303K [0x0000000080000000, 0x0000000100000000)
  region size 1024K, 18 young (18432K), 1 survivors (1024K)
 Metaspace       used 91769K, capacity 93874K, committed 94416K, reserved 1130496K
  class space    used 11828K, capacity 12598K, committed 12800K, reserved 1048576K
}
Event: 20.439 GC heap after
{Heap after GC invocations=28 (full 0):
 garbage-first heap   total 258048K, used 189341K [0x0000000080000000, 0x0000000100000000)
  region size 1024K, 3 young (3072K), 3 survivors (3072K)
 Metaspace       used 91769K, capacity 93874K, committed 94416K, reserved 1130496K
  class space    used 11828K, capacity 12598K, committed 12800K, reserved 1048576K
}
Event: 20.565 GC heap before
{Heap before GC invocations=29 (full 0):
 garbage-first heap   total 258048K, used 206749K [0x0000000080000000, 0x0000000100000000)
  region size 1024K, 18 young (18432K), 3 survivors (3072K)
 Metaspace       used 91769K, capacity 93874K, committed 94416K, reserved 1130496K
  class space    used 11828K, capacity 12598K, committed 12800K, reserved 1048576K
}
Event: 20.583 GC heap after
{Heap after GC invocations=30 (full 0):
 garbage-first heap   total 258048K, used 197632K [0x0000000080000000, 0x0000000100000000)
  region size 1024K, 3 young (3072K), 3 survivors (3072K)
 Metaspace       used 91769K, capacity 93874K, committed 94416K, reserved 1130496K
  class space    used 11828K, capacity 12598K, committed 12800K, reserved 1048576K
}
Event: 20.647 GC heap before
{Heap before GC invocations=30 (full 0):
 garbage-first heap   total 258048K, used 209920K [0x0000000080000000, 0x0000000100000000)
  region size 1024K, 16 young (16384K), 3 survivors (3072K)
 Metaspace       used 91769K, capacity 93874K, committed 94416K, reserved 1130496K
  class space    used 11828K, capacity 12598K, committed 12800K, reserved 1048576K
}

