# JRE version: OpenJDK Runtime Environment (11.0.13) (build 11.0.13+0-b1751.21-8125866)
# Java VM: OpenJDK 64-Bit Server VM (11.0.13+0-b1751.21-8125866, mixed mode, tiered, compressed oops, g1 gc, windows-amd64)
Heap:
 garbage-first heap   total 355328K, used 204322K [0x0000000080000000, 0x0000000100000000)
  region size 1024K, 3 young (3072K), 3 survivors (3072K)
 Metaspace       used 93318K, capacity 95533K, committed 96080K, reserved 1132544K
  class space    used 12026K, capacity 12869K, committed 13004K, reserved 1048576K
GC Heap History (20 events):
Event: 13.666 GC heap after
{Heap after GC invocations=16 (full 0):
 garbage-first heap   total 196608K, used 71680K [0x0000000080000000, 0x0000000100000000)
  region size 1024K, 3 young (3072K), 3 survivors (3072K)
 Metaspace       used 88316K, capacity 90573K, committed 90832K, reserved 1128448K
  class space    used 11460K, capacity 12304K, committed 12364K, reserved 1048576K
}
Event: 14.483 GC heap before
{Heap before GC invocations=16 (full 0):
 garbage-first heap   total 196608K, used 163840K [0x0000000080000000, 0x0000000100000000)
  region size 1024K, 87 young (89088K), 3 survivors (3072K)
 Metaspace       used 89729K, capacity 92017K, committed 92240K, reserved 1128448K
  class space    used 11584K, capacity 12438K, committed 12492K, reserved 1048576K
}
Event: 14.492 GC heap after
{Heap after GC invocations=17 (full 0):
 garbage-first heap   total 196608K, used 84881K [0x0000000080000000, 0x0000000100000000)
  region size 1024K, 9 young (9216K), 9 survivors (9216K)
 Metaspace       used 89729K, capacity 92017K, committed 92240K, reserved 1128448K
  class space    used 11584K, capacity 12438K, committed 12492K, reserved 1048576K
}
Event: 14.589 GC heap before
{Heap before GC invocations=17 (full 0):
 garbage-first heap   total 196608K, used 112529K [0x0000000080000000, 0x0000000100000000)
  region size 1024K, 26 young (26624K), 9 survivors (9216K)
 Metaspace       used 89795K, capacity 92060K, committed 92240K, reserved 1128448K
  class space    used 11592K, capacity 12445K, committed 12492K, reserved 1048576K
}
Event: 14.598 GC heap after
{Heap after GC invocations=18 (full 0):
 garbage-first heap   total 196608K, used 101206K [0x0000000080000000, 0x0000000100000000)
  region size 1024K, 5 young (5120K), 5 survivors (5120K)
 Metaspace       used 89795K, capacity 92060K, committed 92240K, reserved 1128448K
  class space    used 11592K, capacity 12445K, committed 12492K, reserved 1048576K
}
Event: 14.961 GC heap before
{Heap before GC invocations=19 (full 0):
 garbage-first heap   total 196608K, used 133974K [0x0000000080000000, 0x0000000100000000)
  region size 1024K, 28 young (28672K), 5 survivors (5120K)
 Metaspace       used 93011K, capacity 95203K, committed 95824K, reserved 1132544K
  class space    used 11983K, capacity 12803K, committed 13004K, reserved 1048576K
}
Event: 14.968 GC heap after
{Heap after GC invocations=20 (full 0):
 garbage-first heap   total 196608K, used 115528K [0x0000000080000000, 0x0000000100000000)
  region size 1024K, 7 young (7168K), 7 survivors (7168K)
 Metaspace       used 93011K, capacity 95203K, committed 95824K, reserved 1132544K
  class space    used 11983K, capacity 12803K, committed 13004K, reserved 1048576K
}
Event: 15.004 GC heap before
{Heap before GC invocations=20 (full 0):
 garbage-first heap   total 202752K, used 201544K [0x0000000080000000, 0x0000000100000000)
  region size 1024K, 22 young (22528K), 7 survivors (7168K)
 Metaspace       used 93019K, capacity 95203K, committed 95824K, reserved 1132544K
  class space    used 11983K, capacity 12803K, committed 13004K, reserved 1048576K
}
Event: 15.012 GC heap after
{Heap after GC invocations=21 (full 0):
 garbage-first heap   total 215040K, used 146336K [0x0000000080000000, 0x0000000100000000)
  region size 1024K, 5 young (5120K), 5 survivors (5120K)
 Metaspace       used 93019K, capacity 95203K, committed 95824K, reserved 1132544K
  class space    used 11983K, capacity 12803K, committed 13004K, reserved 1048576K
}
Event: 15.340 GC heap before
{Heap before GC invocations=22 (full 0):
 garbage-first heap   total 215040K, used 187296K [0x0000000080000000, 0x0000000100000000)
  region size 1024K, 35 young (35840K), 5 survivors (5120K)
 Metaspace       used 93317K, capacity 95533K, committed 96080K, reserved 1132544K
  class space    used 12026K, capacity 12869K, committed 13004K, reserved 1048576K
}
Event: 15.353 GC heap after
{Heap after GC invocations=23 (full 0):
 garbage-first heap   total 215040K, used 163266K [0x0000000080000000, 0x0000000100000000)
  region size 1024K, 5 young (5120K), 5 survivors (5120K)
 Metaspace       used 93317K, capacity 95533K, committed 96080K, reserved 1132544K
  class space    used 12026K, capacity 12869K, committed 13004K, reserved 1048576K
}
Event: 15.357 GC heap before
{Heap before GC invocations=23 (full 0):
 garbage-first heap   total 215040K, used 163266K [0x0000000080000000, 0x0000000100000000)
  region size 1024K, 6 young (6144K), 5 survivors (5120K)
 Metaspace       used 93317K, capacity 95533K, committed 96080K, reserved 1132544K
  class space    used 12026K, capacity 12869K, committed 13004K, reserved 1048576K
}
Event: 15.373 GC heap after
{Heap after GC invocations=24 (full 0):
 garbage-first heap   total 258048K, used 164362K [0x0000000080000000, 0x0000000100000000)
  region size 1024K, 1 young (1024K), 1 survivors (1024K)
 Metaspace       used 93317K, capacity 95533K, committed 96080K, reserved 1132544K
  class space    used 12026K, capacity 12869K, committed 13004K, reserved 1048576K
}
Event: 15.586 GC heap before
{Heap before GC invocations=24 (full 0):
 garbage-first heap   total 258048K, used 195082K [0x0000000080000000, 0x0000000100000000)
  region size 1024K, 28 young (28672K), 1 survivors (1024K)
 Metaspace       used 93317K, capacity 95533K, committed 96080K, reserved 1132544K
  class space    used 12026K, capacity 12869K, committed 13004K, reserved 1048576K
}
Event: 15.614 GC heap after
{Heap after GC invocations=25 (full 0):
 garbage-first heap   total 258048K, used 181813K [0x0000000080000000, 0x0000000100000000)
  region size 1024K, 4 young (4096K), 4 survivors (4096K)
 Metaspace       used 93317K, capacity 95533K, committed 96080K, reserved 1132544K
  class space    used 12026K, capacity 12869K, committed 13004K, reserved 1048576K
}
Event: 15.677 GC heap before
{Heap before GC invocations=26 (full 0):
 garbage-first heap   total 258048K, used 194101K [0x0000000080000000, 0x0000000100000000)
  region size 1024K, 18 young (18432K), 4 survivors (4096K)
 Metaspace       used 93318K, capacity 95533K, committed 96080K, reserved 1132544K
  class space    used 12026K, capacity 12869K, committed 13004K, reserved 1048576K
}
Event: 15.696 GC heap after
{Heap after GC invocations=27 (full 0):
 garbage-first heap   total 258048K, used 188601K [0x0000000080000000, 0x0000000100000000)
  region size 1024K, 3 young (3072K), 3 survivors (3072K)
 Metaspace       used 93318K, capacity 95533K, committed 96080K, reserved 1132544K
  class space    used 12026K, capacity 12869K, committed 13004K, reserved 1048576K
}
Event: 15.789 GC heap before
{Heap before GC invocations=27 (full 0):
 garbage-first heap   total 258048K, used 208057K [0x0000000080000000, 0x0000000100000000)
  region size 1024K, 20 young (20480K), 3 survivors (3072K)
 Metaspace       used 93318K, capacity 95533K, committed 96080K, reserved 1132544K
  class space    used 12026K, capacity 12869K, committed 13004K, reserved 1048576K
}
Event: 15.808 GC heap after
{Heap after GC invocations=28 (full 0):
 garbage-first heap   total 258048K, used 197987K [0x0000000080000000, 0x0000000100000000)
  region size 1024K, 3 young (3072K), 3 survivors (3072K)
 Metaspace       used 93318K, capacity 95533K, committed 96080K, reserved 1132544K
  class space    used 12026K, capacity 12869K, committed 13004K, reserved 1048576K
}
Event: 15.895 GC heap before
{Heap before GC invocations=28 (full 0):
 garbage-first heap   total 258048K, used 211299K [0x0000000080000000, 0x0000000100000000)
  region size 1024K, 17 young (17408K), 3 survivors (3072K)
 Metaspace       used 93318K, capacity 95533K, committed 96080K, reserved 1132544K
  class space    used 12026K, capacity 12869K, committed 13004K, reserved 1048576K
}

