# JRE version: OpenJDK Runtime Environment (11.0.13) (build 11.0.13+0-b1751.21-8125866)
# Java VM: OpenJDK 64-Bit Server VM (11.0.13+0-b1751.21-8125866, mixed mode, tiered, compressed oops, g1 gc, windows-amd64)
Heap:
 garbage-first heap   total 389120K, used 229117K [0x0000000080000000, 0x0000000100000000)
  region size 1024K, 2 young (2048K), 2 survivors (2048K)
 Metaspace       used 124528K, capacity 127832K, committed 129376K, reserved 1161216K
  class space    used 15770K, capacity 17031K, committed 17688K, reserved 1048576K
GC Heap History (20 events):
Event: 6449.825 GC heap after
{Heap after GC invocations=35 (full 0):
 garbage-first heap   total 236544K, used 112406K [0x0000000080000000, 0x0000000100000000)
  region size 1024K, 2 young (2048K), 2 survivors (2048K)
 Metaspace       used 123266K, capacity 126478K, committed 128224K, reserved 1161216K
  class space    used 15649K, capacity 16901K, committed 17560K, reserved 1048576K
}
Event: 6450.524 GC heap before
{Heap before GC invocations=35 (full 0):
 garbage-first heap   total 236544K, used 156438K [0x0000000080000000, 0x0000000100000000)
  region size 1024K, 47 young (48128K), 2 survivors (2048K)
 Metaspace       used 123945K, capacity 127252K, committed 129120K, reserved 1161216K
  class space    used 15718K, capacity 16975K, committed 17688K, reserved 1048576K
}
Event: 6450.533 GC heap after
{Heap after GC invocations=36 (full 0):
 garbage-first heap   total 236544K, used 114716K [0x0000000080000000, 0x0000000100000000)
  region size 1024K, 4 young (4096K), 4 survivors (4096K)
 Metaspace       used 123945K, capacity 127252K, committed 129120K, reserved 1161216K
  class space    used 15718K, capacity 16975K, committed 17688K, reserved 1048576K
}
Event: 6450.965 GC heap before
{Heap before GC invocations=37 (full 0):
 garbage-first heap   total 245760K, used 243740K [0x0000000080000000, 0x0000000100000000)
  region size 1024K, 31 young (31744K), 4 survivors (4096K)
 Metaspace       used 124356K, capacity 127685K, committed 129376K, reserved 1161216K
  class space    used 15751K, capacity 17020K, committed 17688K, reserved 1048576K
}
Event: 6450.979 GC heap after
{Heap after GC invocations=38 (full 0):
 garbage-first heap   total 260096K, used 176278K [0x0000000080000000, 0x0000000100000000)
  region size 1024K, 8 young (8192K), 8 survivors (8192K)
 Metaspace       used 124356K, capacity 127685K, committed 129376K, reserved 1161216K
  class space    used 15751K, capacity 17020K, committed 17688K, reserved 1048576K
}
Event: 6450.997 GC heap before
{Heap before GC invocations=38 (full 0):
 garbage-first heap   total 260096K, used 181398K [0x0000000080000000, 0x0000000100000000)
  region size 1024K, 12 young (12288K), 8 survivors (8192K)
 Metaspace       used 124404K, capacity 127749K, committed 129376K, reserved 1161216K
  class space    used 15755K, capacity 17020K, committed 17688K, reserved 1048576K
}
Event: 6451.007 GC heap after
{Heap after GC invocations=39 (full 0):
 garbage-first heap   total 260096K, used 171854K [0x0000000080000000, 0x0000000100000000)
  region size 1024K, 2 young (2048K), 2 survivors (2048K)
 Metaspace       used 124404K, capacity 127749K, committed 129376K, reserved 1161216K
  class space    used 15755K, capacity 17020K, committed 17688K, reserved 1048576K
}
Event: 6451.207 GC heap before
{Heap before GC invocations=39 (full 0):
 garbage-first heap   total 260096K, used 196430K [0x0000000080000000, 0x0000000100000000)
  region size 1024K, 28 young (28672K), 2 survivors (2048K)
 Metaspace       used 124481K, capacity 127835K, committed 129376K, reserved 1161216K
  class space    used 15765K, capacity 17029K, committed 17688K, reserved 1048576K
}
Event: 6451.230 GC heap after
{Heap after GC invocations=40 (full 0):
 garbage-first heap   total 260096K, used 182343K [0x0000000080000000, 0x0000000100000000)
  region size 1024K, 5 young (5120K), 5 survivors (5120K)
 Metaspace       used 124481K, capacity 127835K, committed 129376K, reserved 1161216K
  class space    used 15765K, capacity 17029K, committed 17688K, reserved 1048576K
}
Event: 6451.448 GC heap before
{Heap before GC invocations=40 (full 0):
 garbage-first heap   total 260096K, used 212039K [0x0000000080000000, 0x0000000100000000)
  region size 1024K, 31 young (31744K), 5 survivors (5120K)
 Metaspace       used 124469K, capacity 127817K, committed 129376K, reserved 1161216K
  class space    used 15763K, capacity 17026K, committed 17688K, reserved 1048576K
}
Event: 6451.489 GC heap after
{Heap after GC invocations=41 (full 0):
 garbage-first heap   total 260096K, used 197913K [0x0000000080000000, 0x0000000100000000)
  region size 1024K, 4 young (4096K), 4 survivors (4096K)
 Metaspace       used 124469K, capacity 127817K, committed 129376K, reserved 1161216K
  class space    used 15763K, capacity 17026K, committed 17688K, reserved 1048576K
}
Event: 6451.591 GC heap before
{Heap before GC invocations=42 (full 0):
 garbage-first heap   total 260096K, used 215321K [0x0000000080000000, 0x0000000100000000)
  region size 1024K, 21 young (21504K), 4 survivors (4096K)
 Metaspace       used 124469K, capacity 127817K, committed 129376K, reserved 1161216K
  class space    used 15763K, capacity 17026K, committed 17688K, reserved 1048576K
}
Event: 6451.620 GC heap after
{Heap after GC invocations=43 (full 0):
 garbage-first heap   total 260096K, used 206189K [0x0000000080000000, 0x0000000100000000)
  region size 1024K, 3 young (3072K), 3 survivors (3072K)
 Metaspace       used 124469K, capacity 127817K, committed 129376K, reserved 1161216K
  class space    used 15763K, capacity 17026K, committed 17688K, reserved 1048576K
}
Event: 6451.678 GC heap before
{Heap before GC invocations=43 (full 0):
 garbage-first heap   total 260096K, used 216429K [0x0000000080000000, 0x0000000100000000)
  region size 1024K, 12 young (12288K), 3 survivors (3072K)
 Metaspace       used 124505K, capacity 127818K, committed 129376K, reserved 1161216K
  class space    used 15766K, capacity 17026K, committed 17688K, reserved 1048576K
}
Event: 6451.693 GC heap after
{Heap after GC invocations=44 (full 0):
 garbage-first heap   total 260096K, used 211627K [0x0000000080000000, 0x0000000100000000)
  region size 1024K, 2 young (2048K), 2 survivors (2048K)
 Metaspace       used 124505K, capacity 127818K, committed 129376K, reserved 1161216K
  class space    used 15766K, capacity 17026K, committed 17688K, reserved 1048576K
}
Event: 6451.730 GC heap before
{Heap before GC invocations=44 (full 0):
 garbage-first heap   total 260096K, used 220843K [0x0000000080000000, 0x0000000100000000)
  region size 1024K, 12 young (12288K), 2 survivors (2048K)
 Metaspace       used 124527K, capacity 127832K, committed 129376K, reserved 1161216K
  class space    used 15770K, capacity 17031K, committed 17688K, reserved 1048576K
}
Event: 6451.742 GC heap after
{Heap after GC invocations=45 (full 0):
 garbage-first heap   total 260096K, used 215655K [0x0000000080000000, 0x0000000100000000)
  region size 1024K, 2 young (2048K), 2 survivors (2048K)
 Metaspace       used 124527K, capacity 127832K, committed 129376K, reserved 1161216K
  class space    used 15770K, capacity 17031K, committed 17688K, reserved 1048576K
}
Event: 6451.788 GC heap before
{Heap before GC invocations=45 (full 0):
 garbage-first heap   total 260096K, used 224871K [0x0000000080000000, 0x0000000100000000)
  region size 1024K, 12 young (12288K), 2 survivors (2048K)
 Metaspace       used 124528K, capacity 127832K, committed 129376K, reserved 1161216K
  class space    used 15770K, capacity 17031K, committed 17688K, reserved 1048576K
}
Event: 6451.800 GC heap after
{Heap after GC invocations=46 (full 0):
 garbage-first heap   total 260096K, used 219941K [0x0000000080000000, 0x0000000100000000)
  region size 1024K, 2 young (2048K), 2 survivors (2048K)
 Metaspace       used 124528K, capacity 127832K, committed 129376K, reserved 1161216K
  class space    used 15770K, capacity 17031K, committed 17688K, reserved 1048576K
}
Event: 6451.864 GC heap before
{Heap before GC invocations=46 (full 0):
 garbage-first heap   total 260096K, used 233253K [0x0000000080000000, 0x0000000100000000)
  region size 1024K, 12 young (12288K), 2 survivors (2048K)
 Metaspace       used 124528K, capacity 127832K, committed 129376K, reserved 1161216K
  class space    used 15770K, capacity 17031K, committed 17688K, reserved 1048576K
}

